<?xml version="1.0" encoding="utf-8" standalone="no"?>
<!--This file represents the results of running a test suite-->
<test-results name="D:\DMCProject\DMCProject\TestDll\bin\Debug\TestDll.dll" total="1" errors="0" failures="0" not-run="0" inconclusive="0" ignored="0" skipped="0" invalid="0" date="2011-06-23" time="22:38:29">
  <environment nunit-version="2.5.10.11092" clr-version="2.0.50727.3623" os-version="Microsoft Windows NT 5.1.2600 Service Pack 3" platform="Win32NT" cwd="D:\DMCProject\DMCProject\TestDll\bin\Debug" machine-name="THINKPAD-TEDI" user="tedi" user-domain="THINKPAD-TEDI" />
  <culture-info current-culture="zh-CN" current-uiculture="zh-CN" />
  <test-suite type="Assembly" name="D:\DMCProject\DMCProject\TestDll\bin\Debug\TestDll.dll" executed="True" result="Success" success="True" time="15.188" asserts="0">
    <results>
      <test-suite type="Namespace" name="TestDll" executed="True" result="Success" success="True" time="15.172" asserts="0">
        <results>
          <test-suite type="TestFixture" name="XMLOperatorTest" executed="True" result="Success" success="True" time="15.141" asserts="0">
            <results>
              <test-case name="TestDll.XMLOperatorTest.Testchinese" executed="True" result="Success" success="True" time="15.125" asserts="2" />
            </results>
          </test-suite>
        </results>
      </test-suite>
    </results>
  </test-suite>
</test-results>